<?xml version="1.0" encoding="UTF-8"?>
<!-- Generated by org.testng.reporters.JUnitReportReporter -->
<testsuite skipped="0" hostname="pc25-chaimi-mosbehi" name="com.selogerMobile.e2eTests.RunTest" tests="1" failures="0" timestamp="02 Apr 2019 07:14:57 GMT" time="86.657" errors="0">
  <testcase name="feature" time="86.657" classname="com.selogerMobile.e2eTests.RunTest"/>
</testsuite> <!-- com.selogerMobile.e2eTests.RunTest -->
